<?xml version="1.0" encoding="UTF-8"?>
<!-- Generated by org.testng.reporters.JUnitReportReporter -->
<testsuite hostname="DESKTOP-HJBKGU3" failures="0" tests="1" name="com.JunitProgram.RestAssuredPrograms.RestAssuredTest2" time="2.935" errors="0" timestamp="2025-03-23T21:41:13 PDT" skipped="0">
  <testcase classname="com.JunitProgram.RestAssuredPrograms.RestAssuredTest2" name="testCreateUser" time="2.935"/>
  <system-out/>
</testsuite> <!-- com.JunitProgram.RestAssuredPrograms.RestAssuredTest2 -->
