<?xml version="1.0" encoding="UTF-8"?>
<!-- Generated by org.testng.reporters.JUnitReportReporter -->
<testsuite hostname="DESKTOP-HJBKGU3" failures="0" tests="1" name="com.JunitProgram.RestAssuredPrograms.JsonTest" time="2.158" errors="0" timestamp="2025-03-24T06:40:32 PDT" skipped="0">
  <testcase classname="com.JunitProgram.RestAssuredPrograms.JsonTest" name="testValidateJsonResponse" time="2.158"/>
  <system-out/>
</testsuite> <!-- com.JunitProgram.RestAssuredPrograms.JsonTest -->
