<?xml version="1.0" encoding="UTF-8"?>
<!-- Generated by org.testng.reporters.JUnitReportReporter -->
<testsuite hostname="DESKTOP-HJBKGU3" failures="0" tests="1" name="com.JunitProgram.RestAssuredPrograms.PostRestAssured" time="3.859" errors="0" timestamp="2025-03-18T07:16:42 PDT" skipped="0">
  <testcase classname="com.JunitProgram.RestAssuredPrograms.PostRestAssured" name="testCreateUser" time="3.859"/>
  <system-out/>
</testsuite> <!-- com.JunitProgram.RestAssuredPrograms.PostRestAssured -->
