<?xml version="1.0" encoding="UTF-8"?>
<!-- Generated by org.testng.reporters.JUnitReportReporter -->
<testsuite hostname="DESKTOP-HJBKGU3" failures="0" tests="1" name="com.JunitProgram.RestAssuredPrograms.DeleteTest" time="2.249" errors="0" timestamp="2025-03-23T23:31:35 PDT" skipped="0">
  <testcase classname="com.JunitProgram.RestAssuredPrograms.DeleteTest" name="testCreateUser" time="2.249"/>
  <system-out/>
</testsuite> <!-- com.JunitProgram.RestAssuredPrograms.DeleteTest -->
