<?xml version="1.0" encoding="UTF-8"?>
<!-- Generated by org.testng.reporters.JUnitReportReporter -->
<testsuite hostname="DESKTOP-HJBKGU3" failures="0" tests="1" name="com.JunitProgram.RestAssuredPrograms.WeathweAPItest" time="2.232" errors="0" timestamp="2025-03-24T06:51:18 PDT" skipped="0">
  <testcase classname="com.JunitProgram.RestAssuredPrograms.WeathweAPItest" name="testGetWeather" time="2.232"/>
  <system-out/>
</testsuite> <!-- com.JunitProgram.RestAssuredPrograms.WeathweAPItest -->
