<?xml version="1.0" encoding="UTF-8"?>
<!-- Generated by org.testng.reporters.JUnitReportReporter -->
<testsuite hostname="DESKTOP-HJBKGU3" failures="0" tests="1" name="com.JunitProgram.RestAssuredPrograms.advtestGithub" time="4.932" errors="0" timestamp="2025-03-26T07:40:21 PDT" skipped="0">
  <testcase classname="com.JunitProgram.RestAssuredPrograms.advtestGithub" name="testFileUpload" time="4.932"/>
  <system-out/>
</testsuite> <!-- com.JunitProgram.RestAssuredPrograms.advtestGithub -->
