<?xml version="1.0" encoding="UTF-8"?>
<!-- Generated by org.testng.reporters.JUnitReportReporter -->
<testsuite hostname="DESKTOP-HJBKGU3" failures="0" tests="1" name="com.JunitProgram.RestAssuredPrograms.RestAssuredTest" time="1.861" errors="0" timestamp="2025-03-23T21:38:05 PDT" skipped="0">
  <testcase classname="com.JunitProgram.RestAssuredPrograms.RestAssuredTest" name="testGetRequest" time="1.861"/>
  <system-out/>
</testsuite> <!-- com.JunitProgram.RestAssuredPrograms.RestAssuredTest -->
