<?xml version="1.0" encoding="UTF-8"?>
<!-- Generated by org.testng.reporters.JUnitReportReporter -->
<testsuite hostname="DESKTOP-HJBKGU3" failures="0" tests="1" name="com.JunitProgram.RestAssuredPrograms.WiremockTest" time="1.930" errors="0" timestamp="2025-04-01T07:21:40 PDT" skipped="0">
  <testcase classname="com.JunitProgram.RestAssuredPrograms.WiremockTest" name="testMockingWithWireMock" time="1.930"/>
  <system-out/>
</testsuite> <!-- com.JunitProgram.RestAssuredPrograms.WiremockTest -->
