<?xml version="1.0" encoding="UTF-8"?>
<!-- Generated by org.testng.reporters.JUnitReportReporter -->
<testsuite hostname="DESKTOP-HJBKGU3" failures="0" tests="3" name="com.example.github.githubAuthTest" time="2.856" errors="0" timestamp="2025-03-25T19:35:24 PDT" skipped="0">
  <testcase classname="com.example.github.githubAuthTest" name="repositoryTest" time="0.357"/>
  <system-out/>
  <testcase classname="com.example.github.githubAuthTest" name="testgetAuthenticatedUser" time="0.344"/>
  <system-out/>
  <testcase classname="com.example.github.githubAuthTest" name="invalidauthentication" time="2.155"/>
  <system-out/>
</testsuite> <!-- com.example.github.githubAuthTest -->
