<?xml version="1.0" encoding="UTF-8"?>
<!-- Generated by org.testng.reporters.JUnitReportReporter -->
<testsuite hostname="DESKTOP-HJBKGU3" failures="0" tests="1" name="com.JunitProgram.RestAssuredPrograms.xmltest" time="2.715" errors="0" timestamp="2025-03-24T06:48:31 PDT" skipped="0">
  <testcase classname="com.JunitProgram.RestAssuredPrograms.xmltest" name="testXmlResponse" time="2.715"/>
  <system-out/>
</testsuite> <!-- com.JunitProgram.RestAssuredPrograms.xmltest -->
